<?xml version="1.0" encoding="UTF-8"?>
<testsuites name="Chrome Test Suite Case" time="207" tests="8" failures="1" errors="0">
   <testsuite name="Chrome Test Suite Case" tests="8" failures="1" errors="0" time="207" timestamp="2019-01-10 09:57:13" hostname="netzon.rhobert - netzon-jlaw" id="Test Suites/Chrome Test Suite Case">
      <properties>
         <property name="deviceName" value=""/>
         <property name="devicePlatform" value=""/>
         <property name="logFolder" value="C:\\Users\\netzon.rhobert\\git\\POC HOPE\\Reports\\Chrome Test Suite Case\\20190110_095703"/>
         <property name="logFiles" value="C:\\Users\\netzon.rhobert\\git\\POC HOPE\\Reports\\Chrome Test Suite Case\\20190110_095703\\execution0.log"/>
         <property name="attachments" value="C:\\Users\\netzon.rhobert\\git\\POC HOPE\\Reports\\Chrome Test Suite Case\\20190110_095703\\1547085503671.png"/>
         <property name="hostName" value="netzon.rhobert - netzon-jlaw"/>
         <property name="os" value="Windows 10 64bit"/>
         <property name="katalonVersion" value="5.10.1.1"/>
         <property name="browser" value="Chrome 71.0.3578.98"/>
         <property name="hostAddress" value="10.0.75.1"/>
         <property name="sessionId" value="9f546545579134e3756095c30cf6cbb7"/>
         <property name="seleniumVersion" value="3.7.1"/>
         <property name="proxyInformation" value="ProxyInformation{proxyOption=NO_PROXY, proxyServerType=HTTP, password=, proxyServerAddress=, proxyServerPort=0}"/>
         <property name="platform" value="Windows 10"/>
      </properties>
      <testcase name="Test Cases/CRUD Data/Add Activity with Time and Date" classname="Test Cases/CRUD Data/Add Activity with Time and Date" status="FAILED">
         <failure type="FAILED" message="Test Cases/CRUD Data/Add Activity with Time and Date FAILED.
Reason:
com.kms.katalon.core.exception.StepFailedException: Unable to click on object 'Object Repository/Page_Professional/button_Add (3) (1)' (Root cause: org.openqa.selenium.WebDriverException: unknown error: Element &lt;button _ngcontent-c4=&quot;&quot; class=&quot;right-button&quot;>...&lt;/button> is not clickable at point (522, 418). Other element would receive the click: &lt;div _ngcontent-c17=&quot;&quot; class=&quot;clock-face__number clock-face__number--outer ng-star-inserted&quot; style=&quot;transform: rotateZ(210deg) translateX(-50%);&quot;>...&lt;/div>
  (Session info: chrome=71.0.3578.98)
  (Driver info: chromedriver=2.43.600210 (68dcf5eebde37173d4027fa8635e332711d2874a),platform=Windows NT 10.0.17134 x86_64) (WARNING: The server did not provide any stacktrace information)
Command duration or timeout: 0 milliseconds
Build info: version: '3.7.1', revision: '8a0099a', time: '2017-11-06T21:07:36.161Z'
System info: host: 'NETZON-JLAW', ip: '10.0.75.1', os.name: 'Windows 10', os.arch: 'amd64', os.version: '10.0', java.version: '1.8.0_181'
Driver info: com.kms.katalon.selenium.driver.CChromeDriver
Capabilities {acceptInsecureCerts: false, acceptSslCerts: false, applicationCacheEnabled: false, browserConnectionEnabled: false, browserName: chrome, chrome: {chromedriverVersion: 2.43.600210 (68dcf5eebde371..., userDataDir: C:\Users\NETZON~1.RHO\AppDa...}, cssSelectorsEnabled: true, databaseEnabled: false, goog:chromeOptions: {debuggerAddress: localhost:59503}, handlesAlerts: true, hasTouchScreen: false, javascriptEnabled: true, locationContextEnabled: true, mobileEmulationEnabled: false, nativeEvents: true, networkConnectionEnabled: false, pageLoadStrategy: normal, platform: XP, platformName: XP, rotatable: false, setWindowRect: true, takesHeapSnapshot: true, takesScreenshot: true, unexpectedAlertBehaviour: , unhandledPromptBehavior: , version: 71.0.3578.98, webStorageEnabled: true}
Session ID: cfddbe3d0e01f5bf079531f8ff176ea2)
	at com.kms.katalon.core.keyword.internal.KeywordMain.stepFailed(KeywordMain.groovy:36)
	at com.kms.katalon.core.webui.keyword.internal.WebUIKeywordMain.stepFailed(WebUIKeywordMain.groovy:65)
	at com.kms.katalon.core.webui.keyword.internal.WebUIKeywordMain.runKeyword(WebUIKeywordMain.groovy:27)
	at com.kms.katalon.core.webui.keyword.builtin.ClickKeyword.click(ClickKeyword.groovy:86)
	at com.kms.katalon.core.webui.keyword.builtin.ClickKeyword.execute(ClickKeyword.groovy:67)
	at com.kms.katalon.core.keyword.internal.KeywordExecutor.executeKeywordForPlatform(KeywordExecutor.groovy:53)
	at com.kms.katalon.core.webui.keyword.WebUiBuiltInKeywords.click(WebUiBuiltInKeywords.groovy:616)
	at com.kms.katalon.core.webui.keyword.WebUiBuiltInKeywords$click$1.call(Unknown Source)
	at Add Activity with Time and Date.run(Add Activity with Time and Date:50)
	at com.kms.katalon.core.main.ScriptEngine.run(ScriptEngine.java:194)
	at com.kms.katalon.core.main.ScriptEngine.runScriptAsRawText(ScriptEngine.java:119)
	at com.kms.katalon.core.main.TestCaseExecutor.runScript(TestCaseExecutor.java:328)
	at com.kms.katalon.core.main.TestCaseExecutor.doExecute(TestCaseExecutor.java:319)
	at com.kms.katalon.core.main.TestCaseExecutor.processExecutionPhase(TestCaseExecutor.java:298)
	at com.kms.katalon.core.main.TestCaseExecutor.accessMainPhase(TestCaseExecutor.java:290)
	at com.kms.katalon.core.main.TestCaseExecutor.execute(TestCaseExecutor.java:224)
	at com.kms.katalon.core.main.TestSuiteExecutor.accessTestCaseMainPhase(TestSuiteExecutor.java:129)
	at com.kms.katalon.core.main.TestSuiteExecutor.accessTestSuiteMainPhase(TestSuiteExecutor.java:112)
	at com.kms.katalon.core.main.TestSuiteExecutor.execute(TestSuiteExecutor.java:81)
	at com.kms.katalon.core.main.TestCaseMain.startTestSuite(TestCaseMain.java:149)
	at com.kms.katalon.core.main.TestCaseMain$startTestSuite$0.call(Unknown Source)
	at TempTestSuite1547085427985.run(TempTestSuite1547085427985.groovy:36)
"/>
         <system-out><![CDATA[2019-01-10 09:57:13 - [TEST_CASE][FAILED] - Test Cases/CRUD Data/Add Activity with Time and Date: Test Cases/CRUD Data/Add Activity with Time and Date FAILED.
Reason:
com.kms.katalon.core.exception.StepFailedException: Unable to click on object 'Object Repository/Page_Professional/button_Add (3) (1)' (Root cause: org.openqa.selenium.WebDriverException: unknown error: Element <button _ngcontent-c4="" class="right-button">...</button> is not clickable at point (522, 418). Other element would receive the click: <div _ngcontent-c17="" class="clock-face__number clock-face__number--outer ng-star-inserted" style="transform: rotateZ(210deg) translateX(-50%);">...</div>
  (Session info: chrome=71.0.3578.98)
  (Driver info: chromedriver=2.43.600210 (68dcf5eebde37173d4027fa8635e332711d2874a),platform=Windows NT 10.0.17134 x86_64) (WARNING: The server did not provide any stacktrace information)
Command duration or timeout: 0 milliseconds
Build info: version: '3.7.1', revision: '8a0099a', time: '2017-11-06T21:07:36.161Z'
System info: host: 'NETZON-JLAW', ip: '10.0.75.1', os.name: 'Windows 10', os.arch: 'amd64', os.version: '10.0', java.version: '1.8.0_181'
Driver info: com.kms.katalon.selenium.driver.CChromeDriver
Capabilities {acceptInsecureCerts: false, acceptSslCerts: false, applicationCacheEnabled: false, browserConnectionEnabled: false, browserName: chrome, chrome: {chromedriverVersion: 2.43.600210 (68dcf5eebde371..., userDataDir: C:\Users\NETZON~1.RHO\AppDa...}, cssSelectorsEnabled: true, databaseEnabled: false, goog:chromeOptions: {debuggerAddress: localhost:59503}, handlesAlerts: true, hasTouchScreen: false, javascriptEnabled: true, locationContextEnabled: true, mobileEmulationEnabled: false, nativeEvents: true, networkConnectionEnabled: false, pageLoadStrategy: normal, platform: XP, platformName: XP, rotatable: false, setWindowRect: true, takesHeapSnapshot: true, takesScreenshot: true, unexpectedAlertBehaviour: , unhandledPromptBehavior: , version: 71.0.3578.98, webStorageEnabled: true}
Session ID: cfddbe3d0e01f5bf079531f8ff176ea2)
	at com.kms.katalon.core.keyword.internal.KeywordMain.stepFailed(KeywordMain.groovy:36)
	at com.kms.katalon.core.webui.keyword.internal.WebUIKeywordMain.stepFailed(WebUIKeywordMain.groovy:65)
	at com.kms.katalon.core.webui.keyword.internal.WebUIKeywordMain.runKeyword(WebUIKeywordMain.groovy:27)
	at com.kms.katalon.core.webui.keyword.builtin.ClickKeyword.click(ClickKeyword.groovy:86)
	at com.kms.katalon.core.webui.keyword.builtin.ClickKeyword.execute(ClickKeyword.groovy:67)
	at com.kms.katalon.core.keyword.internal.KeywordExecutor.executeKeywordForPlatform(KeywordExecutor.groovy:53)
	at com.kms.katalon.core.webui.keyword.WebUiBuiltInKeywords.click(WebUiBuiltInKeywords.groovy:616)
	at com.kms.katalon.core.webui.keyword.WebUiBuiltInKeywords$click$1.call(Unknown Source)
	at Add Activity with Time and Date.run(Add Activity with Time and Date:50)
	at com.kms.katalon.core.main.ScriptEngine.run(ScriptEngine.java:194)
	at com.kms.katalon.core.main.ScriptEngine.runScriptAsRawText(ScriptEngine.java:119)
	at com.kms.katalon.core.main.TestCaseExecutor.runScript(TestCaseExecutor.java:328)
	at com.kms.katalon.core.main.TestCaseExecutor.doExecute(TestCaseExecutor.java:319)
	at com.kms.katalon.core.main.TestCaseExecutor.processExecutionPhase(TestCaseExecutor.java:298)
	at com.kms.katalon.core.main.TestCaseExecutor.accessMainPhase(TestCaseExecutor.java:290)
	at com.kms.katalon.core.main.TestCaseExecutor.execute(TestCaseExecutor.java:224)
	at com.kms.katalon.core.main.TestSuiteExecutor.accessTestCaseMainPhase(TestSuiteExecutor.java:129)
	at com.kms.katalon.core.main.TestSuiteExecutor.accessTestSuiteMainPhase(TestSuiteExecutor.java:112)
	at com.kms.katalon.core.main.TestSuiteExecutor.execute(TestSuiteExecutor.java:81)
	at com.kms.katalon.core.main.TestCaseMain.startTestSuite(TestCaseMain.java:149)
	at com.kms.katalon.core.main.TestCaseMain$startTestSuite$0.call(Unknown Source)
	at TempTestSuite1547085427985.run(TempTestSuite1547085427985.groovy:36)


2019-01-10 09:57:14 - [TEST_STEP][PASSED] - openBrowser(""): Browser is opened with url: ''

2019-01-10 09:57:15 - [MESSAGE][INFO] - Starting 'Chrome' driver

2019-01-10 09:57:15 - [MESSAGE][INFO] - Action delay is set to 0 seconds

2019-01-10 09:57:21 - [MESSAGE][PASSED] - Browser is opened with url: ''

2019-01-10 09:57:21 - [TEST_STEP][PASSED] - navigateToUrl("https://staging.poc.netzon.se/patient/list"): Navigate to 'https://staging.poc.netzon.se/patient/list' successfully

2019-01-10 09:57:27 - [MESSAGE][PASSED] - Navigate to 'https://staging.poc.netzon.se/patient/list' successfully

2019-01-10 09:57:27 - [TEST_STEP][PASSED] - click(findTestObject("Page_Professional/div_Jessica Chastain")): Object: 'Object Repository/Page_Professional/div_Jessica Chastain' is clicked on

2019-01-10 09:57:32 - [MESSAGE][PASSED] - Object: 'Object Repository/Page_Professional/div_Jessica Chastain' is clicked on

2019-01-10 09:57:32 - [TEST_STEP][PASSED] - click(findTestObject("Page_Professional/img_Activities_ng-tns-c1-0 (3) (1) (1)")): Object: 'Object Repository/Page_Professional/img_Activities_ng-tns-c1-0 (3) (1) (1)' is clicked on

2019-01-10 09:57:39 - [MESSAGE][PASSED] - Object: 'Object Repository/Page_Professional/img_Activities_ng-tns-c1-0 (3) (1) (1)' is clicked on

2019-01-10 09:57:39 - [TEST_STEP][PASSED] - click(findTestObject("Page_Professional/div_Type_mat-select-arrow (2) (1) (1)")): Object: 'Object Repository/Page_Professional/div_Type_mat-select-arrow (2) (1) (1)' is clicked on

2019-01-10 09:57:45 - [MESSAGE][PASSED] - Object: 'Object Repository/Page_Professional/div_Type_mat-select-arrow (2) (1) (1)' is clicked on

2019-01-10 09:57:45 - [TEST_STEP][PASSED] - delay(1): Delayed 1 second(s)

2019-01-10 09:57:46 - [MESSAGE][PASSED] - Delayed 1 second(s)

2019-01-10 09:57:46 - [TEST_STEP][PASSED] - click(findTestObject("Page_Professional/span_Blood Pressure (3) (1)")): Object: 'Object Repository/Page_Professional/span_Blood Pressure (3) (1)' is clicked on

2019-01-10 09:57:51 - [MESSAGE][PASSED] - Object: 'Object Repository/Page_Professional/span_Blood Pressure (3) (1)' is clicked on

2019-01-10 09:57:51 - [TEST_STEP][PASSED] - click(findTestObject("Page_Professional/button_Date_mat-icon-button cd (1)")): Object: 'Object Repository/Page_Professional/button_Date_mat-icon-button cd (1)' is clicked on

2019-01-10 09:57:57 - [MESSAGE][PASSED] - Object: 'Object Repository/Page_Professional/button_Date_mat-icon-button cd (1)' is clicked on

2019-01-10 09:57:57 - [TEST_STEP][PASSED] - delay(1): Delayed 1 second(s)

2019-01-10 09:57:58 - [MESSAGE][PASSED] - Delayed 1 second(s)

2019-01-10 09:57:58 - [TEST_STEP][PASSED] - click(findTestObject("Page_Professional/div_14 (1) (1)")): Object: 'Object Repository/Page_Professional/div_14 (1) (1)' is clicked on

2019-01-10 09:58:03 - [MESSAGE][PASSED] - Object: 'Object Repository/Page_Professional/div_14 (1) (1)' is clicked on

2019-01-10 09:58:03 - [TEST_STEP][PASSED] - delay(1): Delayed 1 second(s)

2019-01-10 09:58:04 - [MESSAGE][PASSED] - Delayed 1 second(s)

2019-01-10 09:58:04 - [TEST_STEP][PASSED] - click(findTestObject("Page_Professional/mat-icon_access_time (1)")): Object: 'Object Repository/Page_Professional/mat-icon_access_time (1)' is clicked on

2019-01-10 09:58:09 - [MESSAGE][PASSED] - Object: 'Object Repository/Page_Professional/mat-icon_access_time (1)' is clicked on

2019-01-10 09:58:09 - [TEST_STEP][PASSED] - delay(1): Delayed 1 second(s)

2019-01-10 09:58:10 - [MESSAGE][PASSED] - Delayed 1 second(s)

2019-01-10 09:58:10 - [TEST_STEP][PASSED] - click(findTestObject("Page_Professional/span_14 (1)")): Object: 'Object Repository/Page_Professional/span_14 (1)' is clicked on

2019-01-10 09:58:16 - [MESSAGE][PASSED] - Object: 'Object Repository/Page_Professional/span_14 (1)' is clicked on

2019-01-10 09:58:16 - [TEST_STEP][PASSED] - delay(1): Delayed 1 second(s)

2019-01-10 09:58:17 - [MESSAGE][PASSED] - Delayed 1 second(s)

2019-01-10 09:58:17 - [TEST_STEP][PASSED] - click(findTestObject("Page_Professional/span_Ok (1)")): Object: 'Object Repository/Page_Professional/span_Ok (1)' is clicked on

2019-01-10 09:58:22 - [MESSAGE][PASSED] - Object: 'Object Repository/Page_Professional/span_Ok (1)' is clicked on

2019-01-10 09:58:22 - [TEST_STEP][PASSED] - delay(1): Delayed 1 second(s)

2019-01-10 09:58:23 - [MESSAGE][PASSED] - Delayed 1 second(s)

2019-01-10 09:58:23 - [TEST_STEP][FAILED] - click(findTestObject("Page_Professional/button_Add (3) (1)")): click(findTestObject("Page_Professional/button_Add (3) (1)")) FAILED.
Reason:
com.kms.katalon.core.exception.StepFailedException: Unable to click on object 'Object Repository/Page_Professional/button_Add (3) (1)' (Root cause: org.openqa.selenium.WebDriverException: unknown error: Element <button _ngcontent-c4="" class="right-button">...</button> is not clickable at point (522, 418). Other element would receive the click: <div _ngcontent-c17="" class="clock-face__number clock-face__number--outer ng-star-inserted" style="transform: rotateZ(210deg) translateX(-50%);">...</div>
  (Session info: chrome=71.0.3578.98)
  (Driver info: chromedriver=2.43.600210 (68dcf5eebde37173d4027fa8635e332711d2874a),platform=Windows NT 10.0.17134 x86_64) (WARNING: The server did not provide any stacktrace information)
Command duration or timeout: 0 milliseconds
Build info: version: '3.7.1', revision: '8a0099a', time: '2017-11-06T21:07:36.161Z'
System info: host: 'NETZON-JLAW', ip: '10.0.75.1', os.name: 'Windows 10', os.arch: 'amd64', os.version: '10.0', java.version: '1.8.0_181'
Driver info: com.kms.katalon.selenium.driver.CChromeDriver
Capabilities {acceptInsecureCerts: false, acceptSslCerts: false, applicationCacheEnabled: false, browserConnectionEnabled: false, browserName: chrome, chrome: {chromedriverVersion: 2.43.600210 (68dcf5eebde371..., userDataDir: C:\Users\NETZON~1.RHO\AppDa...}, cssSelectorsEnabled: true, databaseEnabled: false, goog:chromeOptions: {debuggerAddress: localhost:59503}, handlesAlerts: true, hasTouchScreen: false, javascriptEnabled: true, locationContextEnabled: true, mobileEmulationEnabled: false, nativeEvents: true, networkConnectionEnabled: false, pageLoadStrategy: normal, platform: XP, platformName: XP, rotatable: false, setWindowRect: true, takesHeapSnapshot: true, takesScreenshot: true, unexpectedAlertBehaviour: , unhandledPromptBehavior: , version: 71.0.3578.98, webStorageEnabled: true}
Session ID: cfddbe3d0e01f5bf079531f8ff176ea2)
	at com.kms.katalon.core.keyword.internal.KeywordMain.stepFailed(KeywordMain.groovy:36)
	at com.kms.katalon.core.webui.keyword.internal.WebUIKeywordMain.stepFailed(WebUIKeywordMain.groovy:65)
	at com.kms.katalon.core.webui.keyword.internal.WebUIKeywordMain.runKeyword(WebUIKeywordMain.groovy:27)
	at com.kms.katalon.core.webui.keyword.builtin.ClickKeyword.click(ClickKeyword.groovy:86)
	at com.kms.katalon.core.webui.keyword.builtin.ClickKeyword.execute(ClickKeyword.groovy:67)
	at com.kms.katalon.core.keyword.internal.KeywordExecutor.executeKeywordForPlatform(KeywordExecutor.groovy:53)
	at com.kms.katalon.core.webui.keyword.WebUiBuiltInKeywords.click(WebUiBuiltInKeywords.groovy:616)
	at com.kms.katalon.core.webui.keyword.WebUiBuiltInKeywords$click$1.call(Unknown Source)
	at Add Activity with Time and Date.run(Add Activity with Time and Date:50)
	at com.kms.katalon.core.main.ScriptEngine.run(ScriptEngine.java:194)
	at com.kms.katalon.core.main.ScriptEngine.runScriptAsRawText(ScriptEngine.java:119)
	at com.kms.katalon.core.main.TestCaseExecutor.runScript(TestCaseExecutor.java:328)
	at com.kms.katalon.core.main.TestCaseExecutor.doExecute(TestCaseExecutor.java:319)
	at com.kms.katalon.core.main.TestCaseExecutor.processExecutionPhase(TestCaseExecutor.java:298)
	at com.kms.katalon.core.main.TestCaseExecutor.accessMainPhase(TestCaseExecutor.java:290)
	at com.kms.katalon.core.main.TestCaseExecutor.execute(TestCaseExecutor.java:224)
	at com.kms.katalon.core.main.TestSuiteExecutor.accessTestCaseMainPhase(TestSuiteExecutor.java:129)
	at com.kms.katalon.core.main.TestSuiteExecutor.accessTestSuiteMainPhase(TestSuiteExecutor.java:112)
	at com.kms.katalon.core.main.TestSuiteExecutor.execute(TestSuiteExecutor.java:81)
	at com.kms.katalon.core.main.TestCaseMain.startTestSuite(TestCaseMain.java:149)
	at com.kms.katalon.core.main.TestCaseMain$startTestSuite$0.call(Unknown Source)
	at TempTestSuite1547085427985.run(TempTestSuite1547085427985.groovy:36)


2019-01-10 09:58:24 - [MESSAGE][FAILED] - Unable to click on object 'Object Repository/Page_Professional/button_Add (3) (1)' (Root cause: org.openqa.selenium.WebDriverException: unknown error: Element <button _ngcontent-c4="" class="right-button">...</button> is not clickable at point (522, 418). Other element would receive the click: <div _ngcontent-c17="" class="clock-face__number clock-face__number--outer ng-star-inserted" style="transform: rotateZ(210deg) translateX(-50%);">...</div>
  (Session info: chrome=71.0.3578.98)
  (Driver info: chromedriver=2.43.600210 (68dcf5eebde37173d4027fa8635e332711d2874a),platform=Windows NT 10.0.17134 x86_64) (WARNING: The server did not provide any stacktrace information)
Command duration or timeout: 0 milliseconds
Build info: version: '3.7.1', revision: '8a0099a', time: '2017-11-06T21:07:36.161Z'
System info: host: 'NETZON-JLAW', ip: '10.0.75.1', os.name: 'Windows 10', os.arch: 'amd64', os.version: '10.0', java.version: '1.8.0_181'
Driver info: com.kms.katalon.selenium.driver.CChromeDriver
Capabilities {acceptInsecureCerts: false, acceptSslCerts: false, applicationCacheEnabled: false, browserConnectionEnabled: false, browserName: chrome, chrome: {chromedriverVersion: 2.43.600210 (68dcf5eebde371..., userDataDir: C:\Users\NETZON~1.RHO\AppDa...}, cssSelectorsEnabled: true, databaseEnabled: false, goog:chromeOptions: {debuggerAddress: localhost:59503}, handlesAlerts: true, hasTouchScreen: false, javascriptEnabled: true, locationContextEnabled: true, mobileEmulationEnabled: false, nativeEvents: true, networkConnectionEnabled: false, pageLoadStrategy: normal, platform: XP, platformName: XP, rotatable: false, setWindowRect: true, takesHeapSnapshot: true, takesScreenshot: true, unexpectedAlertBehaviour: , unhandledPromptBehavior: , version: 71.0.3578.98, webStorageEnabled: true}
Session ID: cfddbe3d0e01f5bf079531f8ff176ea2)
[[ATTACHMENT|C:\\Users\\netzon.rhobert\\git\\POC HOPE\\Reports\\Chrome Test Suite Case\\20190110_095703\\1547085503671.png]]

2019-01-10 09:58:24 - [MESSAGE][FAILED] - click(findTestObject("Page_Professional/button_Add (3) (1)")) FAILED.
Reason:
com.kms.katalon.core.exception.StepFailedException: Unable to click on object 'Object Repository/Page_Professional/button_Add (3) (1)' (Root cause: org.openqa.selenium.WebDriverException: unknown error: Element <button _ngcontent-c4="" class="right-button">...</button> is not clickable at point (522, 418). Other element would receive the click: <div _ngcontent-c17="" class="clock-face__number clock-face__number--outer ng-star-inserted" style="transform: rotateZ(210deg) translateX(-50%);">...</div>
  (Session info: chrome=71.0.3578.98)
  (Driver info: chromedriver=2.43.600210 (68dcf5eebde37173d4027fa8635e332711d2874a),platform=Windows NT 10.0.17134 x86_64) (WARNING: The server did not provide any stacktrace information)
Command duration or timeout: 0 milliseconds
Build info: version: '3.7.1', revision: '8a0099a', time: '2017-11-06T21:07:36.161Z'
System info: host: 'NETZON-JLAW', ip: '10.0.75.1', os.name: 'Windows 10', os.arch: 'amd64', os.version: '10.0', java.version: '1.8.0_181'
Driver info: com.kms.katalon.selenium.driver.CChromeDriver
Capabilities {acceptInsecureCerts: false, acceptSslCerts: false, applicationCacheEnabled: false, browserConnectionEnabled: false, browserName: chrome, chrome: {chromedriverVersion: 2.43.600210 (68dcf5eebde371..., userDataDir: C:\Users\NETZON~1.RHO\AppDa...}, cssSelectorsEnabled: true, databaseEnabled: false, goog:chromeOptions: {debuggerAddress: localhost:59503}, handlesAlerts: true, hasTouchScreen: false, javascriptEnabled: true, locationContextEnabled: true, mobileEmulationEnabled: false, nativeEvents: true, networkConnectionEnabled: false, pageLoadStrategy: normal, platform: XP, platformName: XP, rotatable: false, setWindowRect: true, takesHeapSnapshot: true, takesScreenshot: true, unexpectedAlertBehaviour: , unhandledPromptBehavior: , version: 71.0.3578.98, webStorageEnabled: true}
Session ID: cfddbe3d0e01f5bf079531f8ff176ea2)
	at com.kms.katalon.core.keyword.internal.KeywordMain.stepFailed(KeywordMain.groovy:36)
	at com.kms.katalon.core.webui.keyword.internal.WebUIKeywordMain.stepFailed(WebUIKeywordMain.groovy:65)
	at com.kms.katalon.core.webui.keyword.internal.WebUIKeywordMain.runKeyword(WebUIKeywordMain.groovy:27)
	at com.kms.katalon.core.webui.keyword.builtin.ClickKeyword.click(ClickKeyword.groovy:86)
	at com.kms.katalon.core.webui.keyword.builtin.ClickKeyword.execute(ClickKeyword.groovy:67)
	at com.kms.katalon.core.keyword.internal.KeywordExecutor.executeKeywordForPlatform(KeywordExecutor.groovy:53)
	at com.kms.katalon.core.webui.keyword.WebUiBuiltInKeywords.click(WebUiBuiltInKeywords.groovy:616)
	at com.kms.katalon.core.webui.keyword.WebUiBuiltInKeywords$click$1.call(Unknown Source)
	at Add Activity with Time and Date.run(Add Activity with Time and Date:50)
	at com.kms.katalon.core.main.ScriptEngine.run(ScriptEngine.java:194)
	at com.kms.katalon.core.main.ScriptEngine.runScriptAsRawText(ScriptEngine.java:119)
	at com.kms.katalon.core.main.TestCaseExecutor.runScript(TestCaseExecutor.java:328)
	at com.kms.katalon.core.main.TestCaseExecutor.doExecute(TestCaseExecutor.java:319)
	at com.kms.katalon.core.main.TestCaseExecutor.processExecutionPhase(TestCaseExecutor.java:298)
	at com.kms.katalon.core.main.TestCaseExecutor.accessMainPhase(TestCaseExecutor.java:290)
	at com.kms.katalon.core.main.TestCaseExecutor.execute(TestCaseExecutor.java:224)
	at com.kms.katalon.core.main.TestSuiteExecutor.accessTestCaseMainPhase(TestSuiteExecutor.java:129)
	at com.kms.katalon.core.main.TestSuiteExecutor.accessTestSuiteMainPhase(TestSuiteExecutor.java:112)
	at com.kms.katalon.core.main.TestSuiteExecutor.execute(TestSuiteExecutor.java:81)
	at com.kms.katalon.core.main.TestCaseMain.startTestSuite(TestCaseMain.java:149)
	at com.kms.katalon.core.main.TestCaseMain$startTestSuite$0.call(Unknown Source)
	at TempTestSuite1547085427985.run(TempTestSuite1547085427985.groovy:36)]]></system-out>
         <system-err><![CDATA[2019-01-10 09:57:13 - [TEST_CASE][FAILED] - Test Cases/CRUD Data/Add Activity with Time and Date: Test Cases/CRUD Data/Add Activity with Time and Date FAILED.
Reason:
com.kms.katalon.core.exception.StepFailedException: Unable to click on object 'Object Repository/Page_Professional/button_Add (3) (1)' (Root cause: org.openqa.selenium.WebDriverException: unknown error: Element <button _ngcontent-c4="" class="right-button">...</button> is not clickable at point (522, 418). Other element would receive the click: <div _ngcontent-c17="" class="clock-face__number clock-face__number--outer ng-star-inserted" style="transform: rotateZ(210deg) translateX(-50%);">...</div>
  (Session info: chrome=71.0.3578.98)
  (Driver info: chromedriver=2.43.600210 (68dcf5eebde37173d4027fa8635e332711d2874a),platform=Windows NT 10.0.17134 x86_64) (WARNING: The server did not provide any stacktrace information)
Command duration or timeout: 0 milliseconds
Build info: version: '3.7.1', revision: '8a0099a', time: '2017-11-06T21:07:36.161Z'
System info: host: 'NETZON-JLAW', ip: '10.0.75.1', os.name: 'Windows 10', os.arch: 'amd64', os.version: '10.0', java.version: '1.8.0_181'
Driver info: com.kms.katalon.selenium.driver.CChromeDriver
Capabilities {acceptInsecureCerts: false, acceptSslCerts: false, applicationCacheEnabled: false, browserConnectionEnabled: false, browserName: chrome, chrome: {chromedriverVersion: 2.43.600210 (68dcf5eebde371..., userDataDir: C:\Users\NETZON~1.RHO\AppDa...}, cssSelectorsEnabled: true, databaseEnabled: false, goog:chromeOptions: {debuggerAddress: localhost:59503}, handlesAlerts: true, hasTouchScreen: false, javascriptEnabled: true, locationContextEnabled: true, mobileEmulationEnabled: false, nativeEvents: true, networkConnectionEnabled: false, pageLoadStrategy: normal, platform: XP, platformName: XP, rotatable: false, setWindowRect: true, takesHeapSnapshot: true, takesScreenshot: true, unexpectedAlertBehaviour: , unhandledPromptBehavior: , version: 71.0.3578.98, webStorageEnabled: true}
Session ID: cfddbe3d0e01f5bf079531f8ff176ea2)
	at com.kms.katalon.core.keyword.internal.KeywordMain.stepFailed(KeywordMain.groovy:36)
	at com.kms.katalon.core.webui.keyword.internal.WebUIKeywordMain.stepFailed(WebUIKeywordMain.groovy:65)
	at com.kms.katalon.core.webui.keyword.internal.WebUIKeywordMain.runKeyword(WebUIKeywordMain.groovy:27)
	at com.kms.katalon.core.webui.keyword.builtin.ClickKeyword.click(ClickKeyword.groovy:86)
	at com.kms.katalon.core.webui.keyword.builtin.ClickKeyword.execute(ClickKeyword.groovy:67)
	at com.kms.katalon.core.keyword.internal.KeywordExecutor.executeKeywordForPlatform(KeywordExecutor.groovy:53)
	at com.kms.katalon.core.webui.keyword.WebUiBuiltInKeywords.click(WebUiBuiltInKeywords.groovy:616)
	at com.kms.katalon.core.webui.keyword.WebUiBuiltInKeywords$click$1.call(Unknown Source)
	at Add Activity with Time and Date.run(Add Activity with Time and Date:50)
	at com.kms.katalon.core.main.ScriptEngine.run(ScriptEngine.java:194)
	at com.kms.katalon.core.main.ScriptEngine.runScriptAsRawText(ScriptEngine.java:119)
	at com.kms.katalon.core.main.TestCaseExecutor.runScript(TestCaseExecutor.java:328)
	at com.kms.katalon.core.main.TestCaseExecutor.doExecute(TestCaseExecutor.java:319)
	at com.kms.katalon.core.main.TestCaseExecutor.processExecutionPhase(TestCaseExecutor.java:298)
	at com.kms.katalon.core.main.TestCaseExecutor.accessMainPhase(TestCaseExecutor.java:290)
	at com.kms.katalon.core.main.TestCaseExecutor.execute(TestCaseExecutor.java:224)
	at com.kms.katalon.core.main.TestSuiteExecutor.accessTestCaseMainPhase(TestSuiteExecutor.java:129)
	at com.kms.katalon.core.main.TestSuiteExecutor.accessTestSuiteMainPhase(TestSuiteExecutor.java:112)
	at com.kms.katalon.core.main.TestSuiteExecutor.execute(TestSuiteExecutor.java:81)
	at com.kms.katalon.core.main.TestCaseMain.startTestSuite(TestCaseMain.java:149)
	at com.kms.katalon.core.main.TestCaseMain$startTestSuite$0.call(Unknown Source)
	at TempTestSuite1547085427985.run(TempTestSuite1547085427985.groovy:36)]]></system-err>
      </testcase>
      <testcase name="Test Cases/CRUD Data/Chrome Add Activity" classname="Test Cases/CRUD Data/Chrome Add Activity" status="PASSED">
         <system-out><![CDATA[2019-01-10 09:58:24 - [TEST_CASE][PASSED] - Test Cases/CRUD Data/Chrome Add Activity: Test Cases/CRUD Data/Chrome Add Activity

2019-01-10 09:58:25 - [TEST_STEP][PASSED] - openBrowser(""): Browser is opened with url: ''

2019-01-10 09:58:25 - [MESSAGE][WARNING] - A browser is already opened. Closing browser and opening a new one

2019-01-10 09:58:26 - [MESSAGE][INFO] - Starting 'Chrome' driver

2019-01-10 09:58:28 - [MESSAGE][PASSED] - Browser is opened with url: ''

2019-01-10 09:58:28 - [TEST_STEP][PASSED] - navigateToUrl("https://staging.poc.netzon.se/patient/list"): Navigate to 'https://staging.poc.netzon.se/patient/list' successfully

2019-01-10 09:58:32 - [MESSAGE][PASSED] - Navigate to 'https://staging.poc.netzon.se/patient/list' successfully

2019-01-10 09:58:32 - [TEST_STEP][PASSED] - click(findTestObject("Page_Professional/div_Jessica Chastain (2)")): Object: 'Object Repository/Page_Professional/div_Jessica Chastain (2)' is clicked on

2019-01-10 09:58:33 - [MESSAGE][PASSED] - Object: 'Object Repository/Page_Professional/div_Jessica Chastain (2)' is clicked on

2019-01-10 09:58:33 - [TEST_STEP][PASSED] - click(findTestObject("PlusSymbol")): Object: 'Object Repository/PlusSymbol' is clicked on

2019-01-10 09:58:33 - [MESSAGE][PASSED] - Object: 'Object Repository/PlusSymbol' is clicked on

2019-01-10 09:58:33 - [TEST_STEP][PASSED] - doubleClick(findTestObject("Page_Professional/div_Blood Pressure_mat-select-")): Object: 'Object Repository/Page_Professional/div_Blood Pressure_mat-select-' is double clicked on

2019-01-10 09:58:34 - [MESSAGE][PASSED] - Object: 'Object Repository/Page_Professional/div_Blood Pressure_mat-select-' is double clicked on

2019-01-10 09:58:34 - [TEST_STEP][PASSED] - click(findTestObject("Page_Professional/span_Blood Pressure")): Object: 'Object Repository/Page_Professional/span_Blood Pressure' is clicked on

2019-01-10 09:58:35 - [MESSAGE][PASSED] - Object: 'Object Repository/Page_Professional/span_Blood Pressure' is clicked on

2019-01-10 09:58:35 - [TEST_STEP][PASSED] - click(findTestObject("Page_Professional/button_Add")): Object: 'Object Repository/Page_Professional/button_Add' is clicked on

2019-01-10 09:58:35 - [MESSAGE][PASSED] - Object: 'Object Repository/Page_Professional/button_Add' is clicked on

2019-01-10 09:58:35 - [TEST_STEP][PASSED] - delay(3): Delayed 3 second(s)

2019-01-10 09:58:38 - [MESSAGE][PASSED] - Delayed 3 second(s)

2019-01-10 09:58:38 - [TEST_STEP][PASSED] - closeBrowser(): Browser is closed

2019-01-10 09:58:39 - [MESSAGE][PASSED] - Browser is closed]]></system-out>
         <system-err><![CDATA[]]></system-err>
      </testcase>
      <testcase name="Test Cases/CRUD Data/Chrome Delete Activity" classname="Test Cases/CRUD Data/Chrome Delete Activity" status="PASSED">
         <system-out><![CDATA[2019-01-10 09:58:39 - [TEST_CASE][PASSED] - Test Cases/CRUD Data/Chrome Delete Activity: Test Cases/CRUD Data/Chrome Delete Activity

2019-01-10 09:58:40 - [TEST_STEP][PASSED] - openBrowser(""): Browser is opened with url: ''

2019-01-10 09:58:40 - [MESSAGE][INFO] - Starting 'Chrome' driver

2019-01-10 09:58:43 - [MESSAGE][PASSED] - Browser is opened with url: ''

2019-01-10 09:58:43 - [TEST_STEP][PASSED] - navigateToUrl("https://staging.poc.netzon.se/patient/list"): Navigate to 'https://staging.poc.netzon.se/patient/list' successfully

2019-01-10 09:58:47 - [MESSAGE][PASSED] - Navigate to 'https://staging.poc.netzon.se/patient/list' successfully

2019-01-10 09:58:47 - [TEST_STEP][PASSED] - click(findTestObject("Page_Professional/div_Michael Bay")): Object: 'Object Repository/Page_Professional/div_Michael Bay' is clicked on

2019-01-10 09:58:47 - [MESSAGE][PASSED] - Object: 'Object Repository/Page_Professional/div_Michael Bay' is clicked on

2019-01-10 09:58:47 - [TEST_STEP][PASSED] - click(findTestObject("Page_Professional/div_Brie Larson (1)")): Object: 'Object Repository/Page_Professional/div_Brie Larson (1)' is clicked on

2019-01-10 09:58:48 - [MESSAGE][PASSED] - Object: 'Object Repository/Page_Professional/div_Brie Larson (1)' is clicked on

2019-01-10 09:58:48 - [TEST_STEP][PASSED] - click(findTestObject("Page_Professional/span_brie.larsonmailinator.com")): Object: 'Object Repository/Page_Professional/span_brie.larsonmailinator.com' is clicked on

2019-01-10 09:58:48 - [MESSAGE][PASSED] - Object: 'Object Repository/Page_Professional/span_brie.larsonmailinator.com' is clicked on

2019-01-10 09:58:48 - [TEST_STEP][PASSED] - click(findTestObject("Page_Professional/div_Jessica Chastain (3)")): Object: 'Object Repository/Page_Professional/div_Jessica Chastain (3)' is clicked on

2019-01-10 09:58:48 - [MESSAGE][PASSED] - Object: 'Object Repository/Page_Professional/div_Jessica Chastain (3)' is clicked on

2019-01-10 09:58:48 - [TEST_STEP][PASSED] - click(findTestObject("Page_Professional/div_Jessica Chastain (2)")): Object: 'Object Repository/Page_Professional/div_Jessica Chastain (2)' is clicked on

2019-01-10 09:58:48 - [MESSAGE][PASSED] - Object: 'Object Repository/Page_Professional/div_Jessica Chastain (2)' is clicked on

2019-01-10 09:58:48 - [TEST_STEP][PASSED] - click(findTestObject("Page_Professional/img_Activities_ng-tns-c1-0")): Object: 'Object Repository/Page_Professional/img_Activities_ng-tns-c1-0' is clicked on

2019-01-10 09:58:49 - [MESSAGE][PASSED] - Object: 'Object Repository/Page_Professional/img_Activities_ng-tns-c1-0' is clicked on

2019-01-10 09:58:49 - [TEST_STEP][PASSED] - doubleClick(findTestObject("Page_Professional/div_Blood Pressure_mat-select-")): Object: 'Object Repository/Page_Professional/div_Blood Pressure_mat-select-' is double clicked on

2019-01-10 09:58:50 - [MESSAGE][PASSED] - Object: 'Object Repository/Page_Professional/div_Blood Pressure_mat-select-' is double clicked on

2019-01-10 09:58:50 - [TEST_STEP][PASSED] - click(findTestObject("Page_Professional/span_Blood Pressure")): Object: 'Object Repository/Page_Professional/span_Blood Pressure' is clicked on

2019-01-10 09:58:50 - [MESSAGE][PASSED] - Object: 'Object Repository/Page_Professional/span_Blood Pressure' is clicked on

2019-01-10 09:58:50 - [TEST_STEP][PASSED] - click(findTestObject("Page_Professional/button_Add")): Object: 'Object Repository/Page_Professional/button_Add' is clicked on

2019-01-10 09:58:50 - [MESSAGE][PASSED] - Object: 'Object Repository/Page_Professional/button_Add' is clicked on

2019-01-10 09:58:50 - [TEST_STEP][PASSED] - delay(3): Delayed 3 second(s)

2019-01-10 09:58:53 - [MESSAGE][PASSED] - Delayed 3 second(s)

2019-01-10 09:58:53 - [TEST_STEP][PASSED] - click(findTestObject("Object Repository/2ndcheckbox")): Object: 'Object Repository/2ndcheckbox' is clicked on

2019-01-10 09:58:54 - [MESSAGE][PASSED] - Object: 'Object Repository/2ndcheckbox' is clicked on

2019-01-10 09:58:54 - [TEST_STEP][PASSED] - click(findTestObject("Page_Professional/img_Activities_ng-tns-c1-0 (5)")): Object: 'Object Repository/Page_Professional/img_Activities_ng-tns-c1-0 (5)' is clicked on

2019-01-10 09:58:54 - [MESSAGE][PASSED] - Object: 'Object Repository/Page_Professional/img_Activities_ng-tns-c1-0 (5)' is clicked on

2019-01-10 09:58:54 - [TEST_STEP][PASSED] - delay(1): Delayed 1 second(s)

2019-01-10 09:58:55 - [MESSAGE][PASSED] - Delayed 1 second(s)

2019-01-10 09:58:55 - [TEST_STEP][PASSED] - click(findTestObject("RemoveButton")): Object: 'Object Repository/RemoveButton' is clicked on

2019-01-10 09:58:55 - [MESSAGE][PASSED] - Object: 'Object Repository/RemoveButton' is clicked on

2019-01-10 09:58:55 - [TEST_STEP][PASSED] - delay(2): Delayed 2 second(s)

2019-01-10 09:58:57 - [MESSAGE][PASSED] - Delayed 2 second(s)

2019-01-10 09:58:57 - [TEST_STEP][PASSED] - closeBrowser(): Browser is closed

2019-01-10 09:58:58 - [MESSAGE][PASSED] - Browser is closed]]></system-out>
         <system-err><![CDATA[]]></system-err>
      </testcase>
      <testcase name="Test Cases/CRUD Data/Chrome Trial Test Case" classname="Test Cases/CRUD Data/Chrome Trial Test Case" status="PASSED">
         <system-out><![CDATA[2019-01-10 09:58:58 - [TEST_CASE][PASSED] - Test Cases/CRUD Data/Chrome Trial Test Case: Test Cases/CRUD Data/Chrome Trial Test Case

2019-01-10 09:58:59 - [TEST_STEP][PASSED] - delay(5): Delayed 5 second(s)

2019-01-10 09:59:04 - [MESSAGE][PASSED] - Delayed 5 second(s)

2019-01-10 09:59:04 - [TEST_STEP][PASSED] - openBrowser(""): Browser is opened with url: ''

2019-01-10 09:59:04 - [MESSAGE][INFO] - Starting 'Chrome' driver

2019-01-10 09:59:07 - [MESSAGE][PASSED] - Browser is opened with url: ''

2019-01-10 09:59:07 - [TEST_STEP][PASSED] - driver = getWebDriver(): null

2019-01-10 09:59:07 - [TEST_STEP][PASSED] - navigateToUrl("https://staging.poc.netzon.se/patient/list"): Navigate to 'https://staging.poc.netzon.se/patient/list' successfully

2019-01-10 09:59:11 - [MESSAGE][PASSED] - Navigate to 'https://staging.poc.netzon.se/patient/list' successfully

2019-01-10 09:59:11 - [TEST_STEP][PASSED] - click(findTestObject("Page_Professional/img_Activities_ng-tns-c1-0")): Object: 'Object Repository/Page_Professional/img_Activities_ng-tns-c1-0' is clicked on

2019-01-10 09:59:12 - [MESSAGE][PASSED] - Object: 'Object Repository/Page_Professional/img_Activities_ng-tns-c1-0' is clicked on

2019-01-10 09:59:12 - [TEST_STEP][PASSED] - doubleClick(findTestObject("Page_Professional/div_Blood Pressure_mat-select-")): Object: 'Object Repository/Page_Professional/div_Blood Pressure_mat-select-' is double clicked on

2019-01-10 09:59:12 - [MESSAGE][PASSED] - Object: 'Object Repository/Page_Professional/div_Blood Pressure_mat-select-' is double clicked on

2019-01-10 09:59:12 - [TEST_STEP][PASSED] - click(findTestObject("Page_Professional/span_Blood Pressure")): Object: 'Object Repository/Page_Professional/span_Blood Pressure' is clicked on

2019-01-10 09:59:13 - [MESSAGE][PASSED] - Object: 'Object Repository/Page_Professional/span_Blood Pressure' is clicked on

2019-01-10 09:59:13 - [TEST_STEP][PASSED] - delay(2): Delayed 2 second(s)

2019-01-10 09:59:15 - [MESSAGE][PASSED] - Delayed 2 second(s)

2019-01-10 09:59:15 - [TEST_STEP][PASSED] - xpath("//*[@id="mat-dialog-0"]/app-activity-add/div/div[2]/div[2]/mat-form-field/div/div[1]/div[2]/mat-datepicker-toggle/button")).click(): null

2019-01-10 09:59:15 - [TEST_STEP][PASSED] - delay(2): Delayed 2 second(s)

2019-01-10 09:59:17 - [MESSAGE][PASSED] - Delayed 2 second(s)

2019-01-10 09:59:17 - [TEST_STEP][PASSED] - xpath("//div[text()='9']")).click(): null

2019-01-10 09:59:17 - [TEST_STEP][PASSED] - delay(2): Delayed 2 second(s)

2019-01-10 09:59:19 - [MESSAGE][PASSED] - Delayed 2 second(s)

2019-01-10 09:59:19 - [TEST_STEP][PASSED] - closeBrowser(): Browser is closed

2019-01-10 09:59:20 - [MESSAGE][PASSED] - Browser is closed]]></system-out>
         <system-err><![CDATA[]]></system-err>
      </testcase>
      <testcase name="Test Cases/CRUD Data/Delete all Activity" classname="Test Cases/CRUD Data/Delete all Activity" status="PASSED">
         <system-out><![CDATA[2019-01-10 09:59:20 - [TEST_CASE][PASSED] - Test Cases/CRUD Data/Delete all Activity: Test Cases/CRUD Data/Delete all Activity

2019-01-10 09:59:21 - [TEST_STEP][PASSED] - openBrowser(""): Browser is opened with url: ''

2019-01-10 09:59:21 - [MESSAGE][INFO] - Starting 'Chrome' driver

2019-01-10 09:59:23 - [MESSAGE][PASSED] - Browser is opened with url: ''

2019-01-10 09:59:23 - [TEST_STEP][PASSED] - navigateToUrl("https://staging.poc.netzon.se/patient/list"): Navigate to 'https://staging.poc.netzon.se/patient/list' successfully

2019-01-10 09:59:28 - [MESSAGE][PASSED] - Navigate to 'https://staging.poc.netzon.se/patient/list' successfully

2019-01-10 09:59:28 - [TEST_STEP][PASSED] - click(findTestObject("Page_Professional/span_Jessica Chastain (1)")): Object: 'Object Repository/Page_Professional/span_Jessica Chastain (1)' is clicked on

2019-01-10 09:59:28 - [MESSAGE][PASSED] - Object: 'Object Repository/Page_Professional/span_Jessica Chastain (1)' is clicked on

2019-01-10 09:59:28 - [TEST_STEP][PASSED] - click(findTestObject("Page_Professional/div_Jessica Chastain (2)")): Object: 'Object Repository/Page_Professional/div_Jessica Chastain (2)' is clicked on

2019-01-10 09:59:29 - [MESSAGE][PASSED] - Object: 'Object Repository/Page_Professional/div_Jessica Chastain (2)' is clicked on

2019-01-10 09:59:29 - [TEST_STEP][PASSED] - click(findTestObject("Page_Professional/img_Activities_ng-tns-c1-0")): Object: 'Object Repository/Page_Professional/img_Activities_ng-tns-c1-0' is clicked on

2019-01-10 09:59:29 - [MESSAGE][PASSED] - Object: 'Object Repository/Page_Professional/img_Activities_ng-tns-c1-0' is clicked on

2019-01-10 09:59:29 - [TEST_STEP][PASSED] - click(findTestObject("Page_Professional/div_Blood Pressure_mat-select-")): Object: 'Object Repository/Page_Professional/div_Blood Pressure_mat-select-' is clicked on

2019-01-10 09:59:30 - [MESSAGE][PASSED] - Object: 'Object Repository/Page_Professional/div_Blood Pressure_mat-select-' is clicked on

2019-01-10 09:59:30 - [TEST_STEP][PASSED] - delay(1): Delayed 1 second(s)

2019-01-10 09:59:31 - [MESSAGE][PASSED] - Delayed 1 second(s)

2019-01-10 09:59:31 - [TEST_STEP][PASSED] - click(findTestObject("Page_Professional/span_Blood Pressure")): Object: 'Object Repository/Page_Professional/span_Blood Pressure' is clicked on

2019-01-10 09:59:31 - [MESSAGE][PASSED] - Object: 'Object Repository/Page_Professional/span_Blood Pressure' is clicked on

2019-01-10 09:59:31 - [TEST_STEP][PASSED] - click(findTestObject("Page_Professional/button_Add")): Object: 'Object Repository/Page_Professional/button_Add' is clicked on

2019-01-10 09:59:32 - [MESSAGE][PASSED] - Object: 'Object Repository/Page_Professional/button_Add' is clicked on

2019-01-10 09:59:32 - [TEST_STEP][PASSED] - delay(3): Delayed 3 second(s)

2019-01-10 09:59:35 - [MESSAGE][PASSED] - Delayed 3 second(s)

2019-01-10 09:59:35 - [TEST_STEP][PASSED] - click(findTestObject("Object Repository/Object Repository/deleteall_Checkbox")): Object: 'Object Repository/Object Repository/deleteall_Checkbox' is clicked on

2019-01-10 09:59:35 - [MESSAGE][PASSED] - Object: 'Object Repository/Object Repository/deleteall_Checkbox' is clicked on

2019-01-10 09:59:35 - [TEST_STEP][PASSED] - click(findTestObject("deleteImage")): Object: 'Object Repository/deleteImage' is clicked on

2019-01-10 09:59:35 - [MESSAGE][PASSED] - Object: 'Object Repository/deleteImage' is clicked on

2019-01-10 09:59:35 - [TEST_STEP][PASSED] - click(findTestObject("CancelDelete")): Object: 'Object Repository/CancelDelete' is clicked on

2019-01-10 09:59:36 - [MESSAGE][PASSED] - Object: 'Object Repository/CancelDelete' is clicked on

2019-01-10 09:59:36 - [TEST_STEP][PASSED] - delay(2): Delayed 2 second(s)

2019-01-10 09:59:38 - [MESSAGE][PASSED] - Delayed 2 second(s)

2019-01-10 09:59:38 - [TEST_STEP][PASSED] - closeBrowser(): Browser is closed

2019-01-10 09:59:39 - [MESSAGE][PASSED] - Browser is closed]]></system-out>
         <system-err><![CDATA[]]></system-err>
      </testcase>
      <testcase name="Test Cases/CRUD Data/BlankAddName" classname="Test Cases/CRUD Data/BlankAddName" status="PASSED">
         <system-out><![CDATA[2019-01-10 09:59:39 - [TEST_CASE][PASSED] - Test Cases/CRUD Data/BlankAddName: Test Cases/CRUD Data/BlankAddName

2019-01-10 09:59:39 - [TEST_STEP][PASSED] - openBrowser(""): Browser is opened with url: ''

2019-01-10 09:59:39 - [MESSAGE][INFO] - Starting 'Chrome' driver

2019-01-10 09:59:42 - [MESSAGE][PASSED] - Browser is opened with url: ''

2019-01-10 09:59:42 - [TEST_STEP][PASSED] - navigateToUrl("https://staging.poc.netzon.se/patient/list"): Navigate to 'https://staging.poc.netzon.se/patient/list' successfully

2019-01-10 09:59:47 - [MESSAGE][PASSED] - Navigate to 'https://staging.poc.netzon.se/patient/list' successfully

2019-01-10 09:59:47 - [TEST_STEP][PASSED] - click(findTestObject("Page_Professional/img_Activities_ng-tns-c1-0")): Object: 'Object Repository/Page_Professional/img_Activities_ng-tns-c1-0' is clicked on

2019-01-10 09:59:48 - [MESSAGE][PASSED] - Object: 'Object Repository/Page_Professional/img_Activities_ng-tns-c1-0' is clicked on

2019-01-10 09:59:48 - [TEST_STEP][PASSED] - click(findTestObject("Page_Professional/button_Add")): Object: 'Object Repository/Page_Professional/button_Add' is clicked on

2019-01-10 09:59:49 - [MESSAGE][PASSED] - Object: 'Object Repository/Page_Professional/button_Add' is clicked on

2019-01-10 09:59:49 - [TEST_STEP][PASSED] - verifyElementPresent(findTestObject("TypeError"), 1): Object 'Object Repository/TypeError' is present

2019-01-10 09:59:49 - [MESSAGE][PASSED] - Object 'Object Repository/TypeError' is present

2019-01-10 09:59:49 - [TEST_STEP][PASSED] - closeBrowser(): Browser is closed

2019-01-10 09:59:50 - [MESSAGE][PASSED] - Browser is closed]]></system-out>
         <system-err><![CDATA[]]></system-err>
      </testcase>
      <testcase name="Test Cases/CancelAllDelete" classname="Test Cases/CancelAllDelete" status="PASSED">
         <system-out><![CDATA[2019-01-10 09:59:50 - [TEST_CASE][PASSED] - Test Cases/CancelAllDelete: Test Cases/CancelAllDelete

2019-01-10 09:59:51 - [TEST_STEP][PASSED] - openBrowser(""): Browser is opened with url: ''

2019-01-10 09:59:51 - [MESSAGE][INFO] - Starting 'Chrome' driver

2019-01-10 09:59:53 - [MESSAGE][PASSED] - Browser is opened with url: ''

2019-01-10 09:59:53 - [TEST_STEP][PASSED] - navigateToUrl("https://staging.poc.netzon.se/patient/list"): Navigate to 'https://staging.poc.netzon.se/patient/list' successfully

2019-01-10 09:59:58 - [MESSAGE][PASSED] - Navigate to 'https://staging.poc.netzon.se/patient/list' successfully

2019-01-10 09:59:58 - [TEST_STEP][PASSED] - click(findTestObject("Page_Professional/span_Jessica Chastain (1)")): Object: 'Object Repository/Page_Professional/span_Jessica Chastain (1)' is clicked on

2019-01-10 09:59:58 - [MESSAGE][PASSED] - Object: 'Object Repository/Page_Professional/span_Jessica Chastain (1)' is clicked on

2019-01-10 09:59:58 - [TEST_STEP][PASSED] - click(findTestObject("Page_Professional/div_Jessica Chastain (2)")): Object: 'Object Repository/Page_Professional/div_Jessica Chastain (2)' is clicked on

2019-01-10 09:59:59 - [MESSAGE][PASSED] - Object: 'Object Repository/Page_Professional/div_Jessica Chastain (2)' is clicked on

2019-01-10 09:59:59 - [TEST_STEP][PASSED] - click(findTestObject("Page_Professional/img_Activities_ng-tns-c1-0")): Object: 'Object Repository/Page_Professional/img_Activities_ng-tns-c1-0' is clicked on

2019-01-10 09:59:59 - [MESSAGE][PASSED] - Object: 'Object Repository/Page_Professional/img_Activities_ng-tns-c1-0' is clicked on

2019-01-10 09:59:59 - [TEST_STEP][PASSED] - click(findTestObject("Page_Professional/div_Blood Pressure_mat-select-")): Object: 'Object Repository/Page_Professional/div_Blood Pressure_mat-select-' is clicked on

2019-01-10 10:00:00 - [MESSAGE][PASSED] - Object: 'Object Repository/Page_Professional/div_Blood Pressure_mat-select-' is clicked on

2019-01-10 10:00:00 - [TEST_STEP][PASSED] - delay(1): Delayed 1 second(s)

2019-01-10 10:00:01 - [MESSAGE][PASSED] - Delayed 1 second(s)

2019-01-10 10:00:01 - [TEST_STEP][PASSED] - click(findTestObject("Page_Professional/span_Blood Pressure")): Object: 'Object Repository/Page_Professional/span_Blood Pressure' is clicked on

2019-01-10 10:00:01 - [MESSAGE][PASSED] - Object: 'Object Repository/Page_Professional/span_Blood Pressure' is clicked on

2019-01-10 10:00:01 - [TEST_STEP][PASSED] - click(findTestObject("Page_Professional/button_Add")): Object: 'Object Repository/Page_Professional/button_Add' is clicked on

2019-01-10 10:00:01 - [MESSAGE][PASSED] - Object: 'Object Repository/Page_Professional/button_Add' is clicked on

2019-01-10 10:00:01 - [TEST_STEP][PASSED] - delay(3): Delayed 3 second(s)

2019-01-10 10:00:04 - [MESSAGE][PASSED] - Delayed 3 second(s)

2019-01-10 10:00:04 - [TEST_STEP][PASSED] - click(findTestObject("Object Repository/Object Repository/deleteall_Checkbox")): Object: 'Object Repository/Object Repository/deleteall_Checkbox' is clicked on

2019-01-10 10:00:05 - [MESSAGE][PASSED] - Object: 'Object Repository/Object Repository/deleteall_Checkbox' is clicked on

2019-01-10 10:00:05 - [TEST_STEP][PASSED] - click(findTestObject("deleteImage")): Object: 'Object Repository/deleteImage' is clicked on

2019-01-10 10:00:05 - [MESSAGE][PASSED] - Object: 'Object Repository/deleteImage' is clicked on

2019-01-10 10:00:05 - [TEST_STEP][PASSED] - click(findTestObject("CancelDelete")): Object: 'Object Repository/CancelDelete' is clicked on

2019-01-10 10:00:05 - [MESSAGE][PASSED] - Object: 'Object Repository/CancelDelete' is clicked on

2019-01-10 10:00:05 - [TEST_STEP][PASSED] - delay(2): Delayed 2 second(s)

2019-01-10 10:00:07 - [MESSAGE][PASSED] - Delayed 2 second(s)

2019-01-10 10:00:07 - [TEST_STEP][PASSED] - closeBrowser(): Browser is closed

2019-01-10 10:00:08 - [MESSAGE][PASSED] - Browser is closed]]></system-out>
         <system-err><![CDATA[]]></system-err>
      </testcase>
      <testcase name="Test Cases/CRUD Data/Add Activity with Date" classname="Test Cases/CRUD Data/Add Activity with Date" status="PASSED">
         <system-out><![CDATA[2019-01-10 10:00:08 - [TEST_CASE][PASSED] - Test Cases/CRUD Data/Add Activity with Date: Test Cases/CRUD Data/Add Activity with Date

2019-01-10 10:00:09 - [TEST_STEP][PASSED] - openBrowser(""): Browser is opened with url: ''

2019-01-10 10:00:09 - [MESSAGE][INFO] - Starting 'Chrome' driver

2019-01-10 10:00:11 - [MESSAGE][PASSED] - Browser is opened with url: ''

2019-01-10 10:00:11 - [TEST_STEP][PASSED] - navigateToUrl("https://staging.poc.netzon.se/patient/list"): Navigate to 'https://staging.poc.netzon.se/patient/list' successfully

2019-01-10 10:00:16 - [MESSAGE][PASSED] - Navigate to 'https://staging.poc.netzon.se/patient/list' successfully

2019-01-10 10:00:16 - [TEST_STEP][PASSED] - click(findTestObject("Object Repository/Page_Professional/img_Activities_ng-tns-c1-0 (3) (1)")): Object: 'Object Repository/Page_Professional/img_Activities_ng-tns-c1-0 (3) (1)' is clicked on

2019-01-10 10:00:17 - [MESSAGE][PASSED] - Object: 'Object Repository/Page_Professional/img_Activities_ng-tns-c1-0 (3) (1)' is clicked on

2019-01-10 10:00:17 - [TEST_STEP][PASSED] - click(findTestObject("Object Repository/Page_Professional/div_Type_mat-select-arrow (2) (1)")): Object: 'Object Repository/Page_Professional/div_Type_mat-select-arrow (2) (1)' is clicked on

2019-01-10 10:00:17 - [MESSAGE][PASSED] - Object: 'Object Repository/Page_Professional/div_Type_mat-select-arrow (2) (1)' is clicked on

2019-01-10 10:00:17 - [TEST_STEP][PASSED] - delay(1): Delayed 1 second(s)

2019-01-10 10:00:18 - [MESSAGE][PASSED] - Delayed 1 second(s)

2019-01-10 10:00:18 - [TEST_STEP][PASSED] - click(findTestObject("Object Repository/Page_Professional/span_Blood Pressure (3)")): Object: 'Object Repository/Page_Professional/span_Blood Pressure (3)' is clicked on

2019-01-10 10:00:19 - [MESSAGE][PASSED] - Object: 'Object Repository/Page_Professional/span_Blood Pressure (3)' is clicked on

2019-01-10 10:00:19 - [TEST_STEP][PASSED] - click(findTestObject("Object Repository/Page_Professional/button_Date_mat-icon-button cd")): Object: 'Object Repository/Page_Professional/button_Date_mat-icon-button cd' is clicked on

2019-01-10 10:00:19 - [MESSAGE][PASSED] - Object: 'Object Repository/Page_Professional/button_Date_mat-icon-button cd' is clicked on

2019-01-10 10:00:19 - [TEST_STEP][PASSED] - delay(1): Delayed 1 second(s)

2019-01-10 10:00:20 - [MESSAGE][PASSED] - Delayed 1 second(s)

2019-01-10 10:00:20 - [TEST_STEP][PASSED] - click(findTestObject("Object Repository/Page_Professional/div_14 (1)")): Object: 'Object Repository/Page_Professional/div_14 (1)' is clicked on

2019-01-10 10:00:20 - [MESSAGE][PASSED] - Object: 'Object Repository/Page_Professional/div_14 (1)' is clicked on

2019-01-10 10:00:20 - [TEST_STEP][PASSED] - delay(1): Delayed 1 second(s)

2019-01-10 10:00:21 - [MESSAGE][PASSED] - Delayed 1 second(s)

2019-01-10 10:00:21 - [TEST_STEP][PASSED] - click(findTestObject("Object Repository/Page_Professional/button_Add (3)")): Object: 'Object Repository/Page_Professional/button_Add (3)' is clicked on

2019-01-10 10:00:21 - [MESSAGE][PASSED] - Object: 'Object Repository/Page_Professional/button_Add (3)' is clicked on

2019-01-10 10:00:21 - [TEST_STEP][PASSED] - delay(2): Delayed 2 second(s)

2019-01-10 10:00:23 - [MESSAGE][PASSED] - Delayed 2 second(s)

2019-01-10 10:00:23 - [TEST_STEP][PASSED] - closeBrowser(): Browser is closed

2019-01-10 10:00:24 - [MESSAGE][PASSED] - Browser is closed]]></system-out>
         <system-err><![CDATA[]]></system-err>
      </testcase>
      <testcase name="Test Cases/Show Graph" classname="Test Cases/Show Graph" status="PASSED">
         <system-out><![CDATA[2019-01-10 10:00:24 - [TEST_CASE][PASSED] - Test Cases/Show Graph: Test Cases/Show Graph

2019-01-10 10:00:25 - [TEST_STEP][PASSED] - openBrowser(""): Browser is opened with url: ''

2019-01-10 10:00:25 - [MESSAGE][INFO] - Starting 'Chrome' driver

2019-01-10 10:00:28 - [MESSAGE][PASSED] - Browser is opened with url: ''

2019-01-10 10:00:28 - [TEST_STEP][PASSED] - navigateToUrl("https://poc.netzon.se/patient/list"): Navigate to 'https://poc.netzon.se/patient/list' successfully

2019-01-10 10:00:34 - [MESSAGE][PASSED] - Navigate to 'https://poc.netzon.se/patient/list' successfully

2019-01-10 10:00:34 - [TEST_STEP][PASSED] - click(findTestObject("Object Repository/Page_Professional/div_Jessica Chastain")): Object: 'Object Repository/Page_Professional/div_Jessica Chastain' is clicked on

2019-01-10 10:00:34 - [MESSAGE][PASSED] - Object: 'Object Repository/Page_Professional/div_Jessica Chastain' is clicked on

2019-01-10 10:00:34 - [TEST_STEP][PASSED] - click(findTestObject("Object Repository/Page_Professional/div_Brie Larson  brie.larsonma")): Object: 'Object Repository/Page_Professional/div_Brie Larson  brie.larsonma' is clicked on

2019-01-10 10:00:35 - [MESSAGE][PASSED] - Object: 'Object Repository/Page_Professional/div_Brie Larson  brie.larsonma' is clicked on

2019-01-10 10:00:35 - [TEST_STEP][PASSED] - click(findTestObject("Object Repository/Page_Professional/div_Jessica Chastain")): Object: 'Object Repository/Page_Professional/div_Jessica Chastain' is clicked on

2019-01-10 10:00:35 - [MESSAGE][PASSED] - Object: 'Object Repository/Page_Professional/div_Jessica Chastain' is clicked on

2019-01-10 10:00:35 - [TEST_STEP][PASSED] - click(findTestObject("Object Repository/Page_Professional/div_James Franco  james.franco")): Object: 'Object Repository/Page_Professional/div_James Franco  james.franco' is clicked on

2019-01-10 10:00:35 - [MESSAGE][PASSED] - Object: 'Object Repository/Page_Professional/div_James Franco  james.franco' is clicked on

2019-01-10 10:00:35 - [TEST_STEP][PASSED] - click(findTestObject("Object Repository/Page_Professional/span_Show Graph (1)")): Object: 'Object Repository/Page_Professional/span_Show Graph (1)' is clicked on

2019-01-10 10:00:36 - [MESSAGE][PASSED] - Object: 'Object Repository/Page_Professional/span_Show Graph (1)' is clicked on

2019-01-10 10:00:36 - [TEST_STEP][PASSED] - delay(3): Delayed 3 second(s)

2019-01-10 10:00:39 - [MESSAGE][PASSED] - Delayed 3 second(s)

2019-01-10 10:00:39 - [TEST_STEP][PASSED] - click(findTestObject("Object Repository/Page_Professional/span_Hide Graph")): Object: 'Object Repository/Page_Professional/span_Hide Graph' is clicked on

2019-01-10 10:00:39 - [MESSAGE][PASSED] - Object: 'Object Repository/Page_Professional/span_Hide Graph' is clicked on

2019-01-10 10:00:39 - [TEST_STEP][PASSED] - closeBrowser(): Browser is closed

2019-01-10 10:00:40 - [MESSAGE][PASSED] - Browser is closed]]></system-out>
         <system-err><![CDATA[]]></system-err>
      </testcase>
      <system-out><![CDATA[2019-01-10 09:57:13 - [TEST_SUITE][FAILED] - Chrome Test Suite Case: Test Cases/CRUD Data/Add Activity with Time and Date FAILED.
Reason:
com.kms.katalon.core.exception.StepFailedException: Unable to click on object 'Object Repository/Page_Professional/button_Add (3) (1)' (Root cause: org.openqa.selenium.WebDriverException: unknown error: Element <button _ngcontent-c4="" class="right-button">...</button> is not clickable at point (522, 418). Other element would receive the click: <div _ngcontent-c17="" class="clock-face__number clock-face__number--outer ng-star-inserted" style="transform: rotateZ(210deg) translateX(-50%);">...</div>
  (Session info: chrome=71.0.3578.98)
  (Driver info: chromedriver=2.43.600210 (68dcf5eebde37173d4027fa8635e332711d2874a),platform=Windows NT 10.0.17134 x86_64) (WARNING: The server did not provide any stacktrace information)
Command duration or timeout: 0 milliseconds
Build info: version: '3.7.1', revision: '8a0099a', time: '2017-11-06T21:07:36.161Z'
System info: host: 'NETZON-JLAW', ip: '10.0.75.1', os.name: 'Windows 10', os.arch: 'amd64', os.version: '10.0', java.version: '1.8.0_181'
Driver info: com.kms.katalon.selenium.driver.CChromeDriver
Capabilities {acceptInsecureCerts: false, acceptSslCerts: false, applicationCacheEnabled: false, browserConnectionEnabled: false, browserName: chrome, chrome: {chromedriverVersion: 2.43.600210 (68dcf5eebde371..., userDataDir: C:\Users\NETZON~1.RHO\AppDa...}, cssSelectorsEnabled: true, databaseEnabled: false, goog:chromeOptions: {debuggerAddress: localhost:59503}, handlesAlerts: true, hasTouchScreen: false, javascriptEnabled: true, locationContextEnabled: true, mobileEmulationEnabled: false, nativeEvents: true, networkConnectionEnabled: false, pageLoadStrategy: normal, platform: XP, platformName: XP, rotatable: false, setWindowRect: true, takesHeapSnapshot: true, takesScreenshot: true, unexpectedAlertBehaviour: , unhandledPromptBehavior: , version: 71.0.3578.98, webStorageEnabled: true}
Session ID: cfddbe3d0e01f5bf079531f8ff176ea2)
	at com.kms.katalon.core.keyword.internal.KeywordMain.stepFailed(KeywordMain.groovy:36)
	at com.kms.katalon.core.webui.keyword.internal.WebUIKeywordMain.stepFailed(WebUIKeywordMain.groovy:65)
	at com.kms.katalon.core.webui.keyword.internal.WebUIKeywordMain.runKeyword(WebUIKeywordMain.groovy:27)
	at com.kms.katalon.core.webui.keyword.builtin.ClickKeyword.click(ClickKeyword.groovy:86)
	at com.kms.katalon.core.webui.keyword.builtin.ClickKeyword.execute(ClickKeyword.groovy:67)
	at com.kms.katalon.core.keyword.internal.KeywordExecutor.executeKeywordForPlatform(KeywordExecutor.groovy:53)
	at com.kms.katalon.core.webui.keyword.WebUiBuiltInKeywords.click(WebUiBuiltInKeywords.groovy:616)
	at com.kms.katalon.core.webui.keyword.WebUiBuiltInKeywords$click$1.call(Unknown Source)
	at Add Activity with Time and Date.run(Add Activity with Time and Date:50)
	at com.kms.katalon.core.main.ScriptEngine.run(ScriptEngine.java:194)
	at com.kms.katalon.core.main.ScriptEngine.runScriptAsRawText(ScriptEngine.java:119)
	at com.kms.katalon.core.main.TestCaseExecutor.runScript(TestCaseExecutor.java:328)
	at com.kms.katalon.core.main.TestCaseExecutor.doExecute(TestCaseExecutor.java:319)
	at com.kms.katalon.core.main.TestCaseExecutor.processExecutionPhase(TestCaseExecutor.java:298)
	at com.kms.katalon.core.main.TestCaseExecutor.accessMainPhase(TestCaseExecutor.java:290)
	at com.kms.katalon.core.main.TestCaseExecutor.execute(TestCaseExecutor.java:224)
	at com.kms.katalon.core.main.TestSuiteExecutor.accessTestCaseMainPhase(TestSuiteExecutor.java:129)
	at com.kms.katalon.core.main.TestSuiteExecutor.accessTestSuiteMainPhase(TestSuiteExecutor.java:112)
	at com.kms.katalon.core.main.TestSuiteExecutor.execute(TestSuiteExecutor.java:81)
	at com.kms.katalon.core.main.TestCaseMain.startTestSuite(TestCaseMain.java:149)
	at com.kms.katalon.core.main.TestCaseMain$startTestSuite$0.call(Unknown Source)
	at TempTestSuite1547085427985.run(TempTestSuite1547085427985.groovy:36)]]></system-out>
      <system-err><![CDATA[2019-01-10 09:57:13 - [TEST_SUITE][FAILED] - Chrome Test Suite Case: Test Cases/CRUD Data/Add Activity with Time and Date FAILED.
Reason:
com.kms.katalon.core.exception.StepFailedException: Unable to click on object 'Object Repository/Page_Professional/button_Add (3) (1)' (Root cause: org.openqa.selenium.WebDriverException: unknown error: Element <button _ngcontent-c4="" class="right-button">...</button> is not clickable at point (522, 418). Other element would receive the click: <div _ngcontent-c17="" class="clock-face__number clock-face__number--outer ng-star-inserted" style="transform: rotateZ(210deg) translateX(-50%);">...</div>
  (Session info: chrome=71.0.3578.98)
  (Driver info: chromedriver=2.43.600210 (68dcf5eebde37173d4027fa8635e332711d2874a),platform=Windows NT 10.0.17134 x86_64) (WARNING: The server did not provide any stacktrace information)
Command duration or timeout: 0 milliseconds
Build info: version: '3.7.1', revision: '8a0099a', time: '2017-11-06T21:07:36.161Z'
System info: host: 'NETZON-JLAW', ip: '10.0.75.1', os.name: 'Windows 10', os.arch: 'amd64', os.version: '10.0', java.version: '1.8.0_181'
Driver info: com.kms.katalon.selenium.driver.CChromeDriver
Capabilities {acceptInsecureCerts: false, acceptSslCerts: false, applicationCacheEnabled: false, browserConnectionEnabled: false, browserName: chrome, chrome: {chromedriverVersion: 2.43.600210 (68dcf5eebde371..., userDataDir: C:\Users\NETZON~1.RHO\AppDa...}, cssSelectorsEnabled: true, databaseEnabled: false, goog:chromeOptions: {debuggerAddress: localhost:59503}, handlesAlerts: true, hasTouchScreen: false, javascriptEnabled: true, locationContextEnabled: true, mobileEmulationEnabled: false, nativeEvents: true, networkConnectionEnabled: false, pageLoadStrategy: normal, platform: XP, platformName: XP, rotatable: false, setWindowRect: true, takesHeapSnapshot: true, takesScreenshot: true, unexpectedAlertBehaviour: , unhandledPromptBehavior: , version: 71.0.3578.98, webStorageEnabled: true}
Session ID: cfddbe3d0e01f5bf079531f8ff176ea2)
	at com.kms.katalon.core.keyword.internal.KeywordMain.stepFailed(KeywordMain.groovy:36)
	at com.kms.katalon.core.webui.keyword.internal.WebUIKeywordMain.stepFailed(WebUIKeywordMain.groovy:65)
	at com.kms.katalon.core.webui.keyword.internal.WebUIKeywordMain.runKeyword(WebUIKeywordMain.groovy:27)
	at com.kms.katalon.core.webui.keyword.builtin.ClickKeyword.click(ClickKeyword.groovy:86)
	at com.kms.katalon.core.webui.keyword.builtin.ClickKeyword.execute(ClickKeyword.groovy:67)
	at com.kms.katalon.core.keyword.internal.KeywordExecutor.executeKeywordForPlatform(KeywordExecutor.groovy:53)
	at com.kms.katalon.core.webui.keyword.WebUiBuiltInKeywords.click(WebUiBuiltInKeywords.groovy:616)
	at com.kms.katalon.core.webui.keyword.WebUiBuiltInKeywords$click$1.call(Unknown Source)
	at Add Activity with Time and Date.run(Add Activity with Time and Date:50)
	at com.kms.katalon.core.main.ScriptEngine.run(ScriptEngine.java:194)
	at com.kms.katalon.core.main.ScriptEngine.runScriptAsRawText(ScriptEngine.java:119)
	at com.kms.katalon.core.main.TestCaseExecutor.runScript(TestCaseExecutor.java:328)
	at com.kms.katalon.core.main.TestCaseExecutor.doExecute(TestCaseExecutor.java:319)
	at com.kms.katalon.core.main.TestCaseExecutor.processExecutionPhase(TestCaseExecutor.java:298)
	at com.kms.katalon.core.main.TestCaseExecutor.accessMainPhase(TestCaseExecutor.java:290)
	at com.kms.katalon.core.main.TestCaseExecutor.execute(TestCaseExecutor.java:224)
	at com.kms.katalon.core.main.TestSuiteExecutor.accessTestCaseMainPhase(TestSuiteExecutor.java:129)
	at com.kms.katalon.core.main.TestSuiteExecutor.accessTestSuiteMainPhase(TestSuiteExecutor.java:112)
	at com.kms.katalon.core.main.TestSuiteExecutor.execute(TestSuiteExecutor.java:81)
	at com.kms.katalon.core.main.TestCaseMain.startTestSuite(TestCaseMain.java:149)
	at com.kms.katalon.core.main.TestCaseMain$startTestSuite$0.call(Unknown Source)
	at TempTestSuite1547085427985.run(TempTestSuite1547085427985.groovy:36)]]></system-err>
   </testsuite>
</testsuites>
